[0.428s] DEBUG:colcon:Command line arguments: ['/usr/bin/colcon', 'list', '-p', '--base-paths', '/home/aditya/BITS_ERC_ROBOT']
[0.428s] DEBUG:colcon:Parsed command line arguments: Namespace(log_base=None, log_level=None, verb_name='list', build_base='build', ignore_user_meta=False, metas=['./colcon.meta'], base_paths=['/home/aditya/BITS_ERC_ROBOT'], packages_ignore=None, packages_ignore_regex=None, paths=None, packages_up_to=None, packages_up_to_regex=None, packages_above=None, packages_above_and_dependencies=None, packages_above_depth=None, packages_select_by_dep=None, packages_skip_by_dep=None, packages_skip_up_to=None, packages_select_build_failed=False, packages_skip_build_finished=False, packages_select_test_failures=False, packages_skip_test_passed=False, packages_select=None, packages_skip=None, packages_select_regex=None, packages_skip_regex=None, packages_start=None, packages_end=None, allow_overriding=[], topological_order=False, names_only=False, paths_only=True, topological_graph=False, topological_graph_dot=False, topological_graph_density=False, topological_graph_legend=False, topological_graph_dot_cluster=False, topological_graph_dot_include_skipped=False, mixin_files=None, mixin=None, verb_parser=<colcon_mixin.mixin.mixin_argument.MixinArgumentDecorator object at 0x7379c9daffb0>, verb_extension=<colcon_package_information.verb.list.ListVerb object at 0x7379c9d74ec0>, main=<bound method ListVerb.main of <colcon_package_information.verb.list.ListVerb object at 0x7379c9d74ec0>>, mixin_verb=('list',))
[0.500s] Level 1:colcon.colcon_core.package_discovery:discover_packages(colcon_meta) check parameters
[0.500s] Level 1:colcon.colcon_core.package_discovery:discover_packages(recursive) check parameters
[0.500s] Level 1:colcon.colcon_core.package_discovery:discover_packages(ignore) check parameters
[0.500s] Level 1:colcon.colcon_core.package_discovery:discover_packages(path) check parameters
[0.500s] Level 1:colcon.colcon_core.package_discovery:discover_packages(recursive) discover
[0.500s] INFO:colcon.colcon_core.package_discovery:Crawling recursively for packages in '/home/aditya/BITS_ERC_ROBOT'
[0.501s] Level 1:colcon.colcon_core.package_identification:_identify(/home/aditya/BITS_ERC_ROBOT) by extensions ['ignore', 'ignore_ament_install']
[0.501s] Level 1:colcon.colcon_core.package_identification:_identify(/home/aditya/BITS_ERC_ROBOT) by extension 'ignore'
[0.501s] Level 1:colcon.colcon_core.package_identification:_identify(/home/aditya/BITS_ERC_ROBOT) by extension 'ignore_ament_install'
[0.501s] Level 1:colcon.colcon_core.package_identification:_identify(/home/aditya/BITS_ERC_ROBOT) by extensions ['colcon_pkg']
[0.501s] Level 1:colcon.colcon_core.package_identification:_identify(/home/aditya/BITS_ERC_ROBOT) by extension 'colcon_pkg'
[0.501s] Level 1:colcon.colcon_core.package_identification:_identify(/home/aditya/BITS_ERC_ROBOT) by extensions ['colcon_meta']
[0.501s] Level 1:colcon.colcon_core.package_identification:_identify(/home/aditya/BITS_ERC_ROBOT) by extension 'colcon_meta'
[0.501s] Level 1:colcon.colcon_core.package_identification:_identify(/home/aditya/BITS_ERC_ROBOT) by extensions ['ros']
[0.501s] Level 1:colcon.colcon_core.package_identification:_identify(/home/aditya/BITS_ERC_ROBOT) by extension 'ros'
[0.543s] Level 1:colcon.colcon_core.package_identification:_identify(/home/aditya/BITS_ERC_ROBOT) by extensions ['cmake', 'python']
[0.543s] Level 1:colcon.colcon_core.package_identification:_identify(/home/aditya/BITS_ERC_ROBOT) by extension 'cmake'
[0.543s] Level 1:colcon.colcon_core.package_identification:_identify(/home/aditya/BITS_ERC_ROBOT) by extension 'python'
[0.543s] Level 1:colcon.colcon_core.package_identification:_identify(/home/aditya/BITS_ERC_ROBOT) by extensions ['python_setup_py']
[0.543s] Level 1:colcon.colcon_core.package_identification:_identify(/home/aditya/BITS_ERC_ROBOT) by extension 'python_setup_py'
[0.543s] Level 1:colcon.colcon_core.package_identification:_identify(/home/aditya/BITS_ERC_ROBOT/log) by extensions ['ignore', 'ignore_ament_install']
[0.543s] Level 1:colcon.colcon_core.package_identification:_identify(/home/aditya/BITS_ERC_ROBOT/log) by extension 'ignore'
[0.543s] Level 1:colcon.colcon_core.package_identification:_identify(/home/aditya/BITS_ERC_ROBOT/log) ignored
[0.544s] Level 1:colcon.colcon_core.package_identification:_identify(/home/aditya/BITS_ERC_ROBOT/src) by extensions ['ignore', 'ignore_ament_install']
[0.544s] Level 1:colcon.colcon_core.package_identification:_identify(/home/aditya/BITS_ERC_ROBOT/src) by extension 'ignore'
[0.544s] Level 1:colcon.colcon_core.package_identification:_identify(/home/aditya/BITS_ERC_ROBOT/src) by extension 'ignore_ament_install'
[0.544s] Level 1:colcon.colcon_core.package_identification:_identify(/home/aditya/BITS_ERC_ROBOT/src) by extensions ['colcon_pkg']
[0.544s] Level 1:colcon.colcon_core.package_identification:_identify(/home/aditya/BITS_ERC_ROBOT/src) by extension 'colcon_pkg'
[0.544s] Level 1:colcon.colcon_core.package_identification:_identify(/home/aditya/BITS_ERC_ROBOT/src) by extensions ['colcon_meta']
[0.544s] Level 1:colcon.colcon_core.package_identification:_identify(/home/aditya/BITS_ERC_ROBOT/src) by extension 'colcon_meta'
[0.544s] Level 1:colcon.colcon_core.package_identification:_identify(/home/aditya/BITS_ERC_ROBOT/src) by extensions ['ros']
[0.544s] Level 1:colcon.colcon_core.package_identification:_identify(/home/aditya/BITS_ERC_ROBOT/src) by extension 'ros'
[0.544s] Level 1:colcon.colcon_core.package_identification:_identify(/home/aditya/BITS_ERC_ROBOT/src) by extensions ['cmake', 'python']
[0.544s] Level 1:colcon.colcon_core.package_identification:_identify(/home/aditya/BITS_ERC_ROBOT/src) by extension 'cmake'
[0.544s] Level 1:colcon.colcon_core.package_identification:_identify(/home/aditya/BITS_ERC_ROBOT/src) by extension 'python'
[0.544s] Level 1:colcon.colcon_core.package_identification:_identify(/home/aditya/BITS_ERC_ROBOT/src) by extensions ['python_setup_py']
[0.545s] Level 1:colcon.colcon_core.package_identification:_identify(/home/aditya/BITS_ERC_ROBOT/src) by extension 'python_setup_py'
[0.545s] Level 1:colcon.colcon_core.package_identification:_identify(/home/aditya/BITS_ERC_ROBOT/src/Gazebo_world) by extensions ['ignore', 'ignore_ament_install']
[0.545s] Level 1:colcon.colcon_core.package_identification:_identify(/home/aditya/BITS_ERC_ROBOT/src/Gazebo_world) by extension 'ignore'
[0.545s] Level 1:colcon.colcon_core.package_identification:_identify(/home/aditya/BITS_ERC_ROBOT/src/Gazebo_world) by extension 'ignore_ament_install'
[0.545s] Level 1:colcon.colcon_core.package_identification:_identify(/home/aditya/BITS_ERC_ROBOT/src/Gazebo_world) by extensions ['colcon_pkg']
[0.545s] Level 1:colcon.colcon_core.package_identification:_identify(/home/aditya/BITS_ERC_ROBOT/src/Gazebo_world) by extension 'colcon_pkg'
[0.545s] Level 1:colcon.colcon_core.package_identification:_identify(/home/aditya/BITS_ERC_ROBOT/src/Gazebo_world) by extensions ['colcon_meta']
[0.545s] Level 1:colcon.colcon_core.package_identification:_identify(/home/aditya/BITS_ERC_ROBOT/src/Gazebo_world) by extension 'colcon_meta'
[0.545s] Level 1:colcon.colcon_core.package_identification:_identify(/home/aditya/BITS_ERC_ROBOT/src/Gazebo_world) by extensions ['ros']
[0.545s] Level 1:colcon.colcon_core.package_identification:_identify(/home/aditya/BITS_ERC_ROBOT/src/Gazebo_world) by extension 'ros'
[0.549s] DEBUG:colcon.colcon_core.package_identification:Package '/home/aditya/BITS_ERC_ROBOT/src/Gazebo_world' with type 'ros.ament_python' and name 'Gazebo_world'
[0.549s] Level 1:colcon.colcon_core.package_discovery:discover_packages(recursive) using defaults
